<?xml version="1.0" encoding="UTF-8"?>
<!-- Generated by org.testng.reporters.JUnitXMLReporter -->
<testsuite hostname="WINDG185171-BBU" ignored="0" name="Default test(failed)(failed)" tests="1" failures="1" timestamp="30 Dec 2017 08:38:06 GMT" time="0.029" errors="0">
  <testcase name="test_UsingSoftAssert" time="0.011" classname="testngTutorials.SoftAssertionExample">
    <failure type="java.lang.AssertionError" message="The following asserts failed:
	expected [false] but found [true]">
      <![CDATA[java.lang.AssertionError: The following asserts failed:
	expected [false] but found [true]
	at testngTutorials.SoftAssertionExample.test_UsingSoftAssert(SoftAssertionExample.java:19)
	at testngTutorials.FailedTestRunner.main(FailedTestRunner.java:17)
... Removed 23 stack frames]]>
    </failure>
  </testcase> <!-- test_UsingSoftAssert -->
</testsuite> <!-- Default test(failed)(failed) -->
